TN:
SF:calculator.js
FN:7,Calculator
FN:16,add
FN:31,multiply
FN:39,subtraction
FN:43,divide
FN:47,exponentiation
FNF:6
FNH:6
FNDA:1,Calculator
FNDA:6,add
FNDA:6,multiply
FNDA:7,subtraction
FNDA:6,divide
FNDA:5,exponentiation
DA:1,1
DA:2,1
DA:3,1
DA:4,1
DA:5,1
DA:6,1
DA:7,1
DA:8,1
DA:9,1
DA:10,1
DA:11,1
DA:12,1
DA:13,1
DA:14,1
DA:15,1
DA:16,1
DA:17,6
DA:18,6
DA:19,12
DA:20,12
DA:21,6
DA:22,6
DA:23,6
DA:24,1
DA:25,1
DA:26,1
DA:27,1
DA:28,1
DA:29,1
DA:30,1
DA:31,1
DA:32,6
DA:33,6
DA:34,12
DA:35,12
DA:36,6
DA:37,6
DA:38,1
DA:39,1
DA:40,7
DA:41,7
DA:42,1
DA:43,1
DA:44,6
DA:45,6
DA:46,1
DA:47,1
DA:48,5
DA:49,5
DA:50,1
DA:51,1
DA:52,1
LF:52
LH:52
BRDA:7,0,0,1
BRDA:16,1,0,6
BRDA:18,2,0,12
BRDA:31,3,0,6
BRDA:33,4,0,12
BRDA:39,5,0,7
BRDA:43,6,0,6
BRDA:47,7,0,5
BRF:8
BRH:8
end_of_record
